time=2026-02-27T16:50:25.114+07:00 level=INFO source=/home/le/Documents/loadbalancer/internal/router/router.go:93 msg="Routing config reloaded and validated successfully" service="load balancer" rules_count=3 default_svc=fallback-service
time=2026-02-27T16:50:25.114+07:00 level=INFO source=/home/le/Documents/loadbalancer/internal/router/router.go:64 msg="PathRouter initialized" service="load balancer" config_path=/home/le/Documents/loadbalancer/config
time=2026-02-27T16:50:25.114+07:00 level=INFO source=/home/le/Documents/loadbalancer/internal/tls/manager_tls.go:72 msg="TLS Manager initialized with auto-reload" service="load balancer" cert_file=/home/le/Documents/loadbalancer/keys/cert.pem key_file=/home/le/Documents/loadbalancer/keys/key.pem
time=2026-02-27T16:50:25.114+07:00 level=INFO source=/home/le/Documents/loadbalancer/internal/app/app.go:93 msg="Starting Load Balancer services..." service="load balancer"
time=2026-02-27T16:50:25.114+07:00 level=INFO source=/home/le/Documents/loadbalancer/internal/middleware/rate_limit/rate_limit.go:69 msg="Starting cleanup" service="load balancer"
time=2026-02-27T16:50:25.114+07:00 level=INFO source=/home/le/Documents/loadbalancer/internal/middleware/rate_limit/rate_limit.go:71 msg="Complete starting cleanup" service="load balancer"
time=2026-02-27T16:50:25.114+07:00 level=INFO source=/home/le/Documents/loadbalancer/internal/router/router.go:109 msg="Watching routing config for changes" service="load balancer"
time=2026-02-27T16:50:25.115+07:00 level=INFO source=/home/le/Documents/loadbalancer/internal/tls/manager_tls.go:113 msg="TLS certificate reloaded successfully" service="load balancer" cert_file=/home/le/Documents/loadbalancer/keys/cert.pem key_file=/home/le/Documents/loadbalancer/keys/key.pem timestamp=2026-02-27T16:50:25+07:00
time=2026-02-27T16:50:25.115+07:00 level=INFO source=/home/le/Documents/loadbalancer/internal/tls/manager_tls.go:170 msg="Started fsnotify watcher on directory" service="load balancer" dir=/home/le/Documents/loadbalancer/keys
time=2026-02-27T16:50:25.115+07:00 level=INFO source=/home/le/Documents/loadbalancer/internal/registry/memory/registry.go:95 msg="Start registry successfully" service="load balancer"
time=2026-02-27T16:51:34.425+07:00 level=INFO source=/home/le/Documents/loadbalancer/internal/registry/provider/provider.go:38 msg="new server register" service="load balancer"
time=2026-02-27T16:51:34.430+07:00 level=DEBUG source=/home/le/Documents/loadbalancer/internal/server/server_pool.go:62 msg="Health state changed" service="load balancer" service=java-service id=1e1357c6-35d1-4aa9-95e2-915302ef6607 health=true
time=2026-02-27T16:51:34.431+07:00 level=INFO source=/home/le/Documents/loadbalancer/internal/app/factory.go:54 msg="Creating new RoundRobin strategy for service" service="load balancer" service=java-service
time=2026-02-27T16:51:34.431+07:00 level=DEBUG source=/home/le/Documents/loadbalancer/internal/server/server_pool.go:117 msg="ServerPool updated" service="load balancer" service=java-service total_healthy=1 server_id=1e1357c6-35d1-4aa9-95e2-915302ef6607 is_healthy=true
time=2026-02-27T16:51:34.430+07:00 level=INFO source=/home/le/Documents/loadbalancer/internal/registry/memory/health_worker.go:31 msg="Created health worker for service" service="load balancer" service=java-service
time=2026-02-27T16:51:34.431+07:00 level=INFO source=/home/le/Documents/loadbalancer/internal/registry/memory/register.go:38 msg="Server registered" service="load balancer" service=java-service id=1e1357c6-35d1-4aa9-95e2-915302ef6607
time=2026-02-27T16:51:34.431+07:00 level=DEBUG source=/home/le/Documents/loadbalancer/internal/registry/memory/registry.go:124 msg="List of server registry" service="load balancer"
time=2026-02-27T16:51:44.496+07:00 level=DEBUG source=/home/le/Documents/loadbalancer/internal/health/health_checker.go:99 msg="Health check OK" service="load balancer" addr=http://localhost:15000 status=404
time=2026-02-27T16:51:54.444+07:00 level=DEBUG source=/home/le/Documents/loadbalancer/internal/health/health_checker.go:99 msg="Health check OK" service="load balancer" addr=http://localhost:15000 status=404
time=2026-02-27T16:52:04.442+07:00 level=DEBUG source=/home/le/Documents/loadbalancer/internal/health/health_checker.go:99 msg="Health check OK" service="load balancer" addr=http://localhost:15000 status=404
time=2026-02-27T16:52:14.444+07:00 level=DEBUG source=/home/le/Documents/loadbalancer/internal/health/health_checker.go:99 msg="Health check OK" service="load balancer" addr=http://localhost:15000 status=404
time=2026-02-27T16:52:24.442+07:00 level=DEBUG source=/home/le/Documents/loadbalancer/internal/health/health_checker.go:99 msg="Health check OK" service="load balancer" addr=http://localhost:15000 status=404
time=2026-02-27T16:52:34.446+07:00 level=DEBUG source=/home/le/Documents/loadbalancer/internal/health/health_checker.go:99 msg="Health check OK" service="load balancer" addr=http://localhost:15000 status=404
time=2026-02-27T16:52:44.440+07:00 level=DEBUG source=/home/le/Documents/loadbalancer/internal/health/health_checker.go:99 msg="Health check OK" service="load balancer" addr=http://localhost:15000 status=404
time=2026-02-27T16:52:54.444+07:00 level=DEBUG source=/home/le/Documents/loadbalancer/internal/health/health_checker.go:99 msg="Health check OK" service="load balancer" addr=http://localhost:15000 status=404
time=2026-02-27T16:52:59.393+07:00 level=INFO source=/home/le/Documents/loadbalancer/internal/app/app.go:110 msg="Shutting down Load Balancer..." service="load balancer"
time=2026-02-27T16:52:59.393+07:00 level=INFO source=/home/le/Documents/loadbalancer/internal/middleware/rate_limit/rate_limit.go:81 msg="Starting stop cleanup" service="load balancer"
time=2026-02-27T16:52:59.393+07:00 level=INFO source=/home/le/Documents/loadbalancer/internal/middleware/rate_limit/rate_limit.go:85 msg="Complete stop cleanup" service="load balancer"
time=2026-02-27T16:52:59.393+07:00 level=INFO source=/home/le/Documents/loadbalancer/internal/tls/manager_tls.go:145 msg="Stopping watcher tls config" service="load balancer"
time=2026-02-27T16:52:59.393+07:00 level=INFO source=/home/le/Documents/loadbalancer/internal/tls/manager_tls.go:151 msg="Complete stop watcher tls config" service="load balancer"
time=2026-02-27T16:52:59.393+07:00 level=INFO source=/home/le/Documents/loadbalancer/internal/registry/memory/registry.go:105 msg="Starting stop registry" service="load balancer"
time=2026-02-27T16:52:59.393+07:00 level=INFO source=/home/le/Documents/loadbalancer/internal/registry/memory/registry.go:109 msg="Complete stop registry" service="load balancer"
time=2026-02-27T16:52:59.393+07:00 level=INFO source=/home/le/Documents/loadbalancer/internal/server/server_pool.go:159 msg="Closing server pool" service="load balancer"
time=2026-02-27T16:52:59.393+07:00 level=INFO source=/home/le/Documents/loadbalancer/internal/app/app.go:128 msg="Shutdown completed" service="load balancer"
time=2026-02-27T17:00:03.992+07:00 level=INFO source=/home/le/Documents/loadbalancer/internal/router/router.go:93 msg="Routing config reloaded and validated successfully" service="load balancer" rules_count=3 default_svc=fallback-service
time=2026-02-27T17:00:03.992+07:00 level=INFO source=/home/le/Documents/loadbalancer/internal/router/router.go:64 msg="PathRouter initialized" service="load balancer" config_path=/home/le/Documents/loadbalancer/config
time=2026-02-27T17:00:03.992+07:00 level=INFO source=/home/le/Documents/loadbalancer/internal/tls/manager_tls.go:72 msg="TLS Manager initialized with auto-reload" service="load balancer" cert_file=/home/le/Documents/loadbalancer/keys/cert.pem key_file=/home/le/Documents/loadbalancer/keys/key.pem
time=2026-02-27T17:00:03.992+07:00 level=INFO source=/home/le/Documents/loadbalancer/internal/app/app.go:93 msg="Starting Load Balancer services..." service="load balancer"
time=2026-02-27T17:00:03.992+07:00 level=INFO source=/home/le/Documents/loadbalancer/internal/middleware/rate_limit/rate_limit.go:69 msg="Starting cleanup" service="load balancer"
time=2026-02-27T17:00:03.992+07:00 level=INFO source=/home/le/Documents/loadbalancer/internal/middleware/rate_limit/rate_limit.go:71 msg="Complete starting cleanup" service="load balancer"
time=2026-02-27T17:00:03.992+07:00 level=INFO source=/home/le/Documents/loadbalancer/internal/router/router.go:109 msg="Watching routing config for changes" service="load balancer"
time=2026-02-27T17:00:03.993+07:00 level=INFO source=/home/le/Documents/loadbalancer/internal/tls/manager_tls.go:113 msg="TLS certificate reloaded successfully" service="load balancer" cert_file=/home/le/Documents/loadbalancer/keys/cert.pem key_file=/home/le/Documents/loadbalancer/keys/key.pem timestamp=2026-02-27T17:00:03+07:00
time=2026-02-27T17:00:03.993+07:00 level=INFO source=/home/le/Documents/loadbalancer/internal/tls/manager_tls.go:170 msg="Started fsnotify watcher on directory" service="load balancer" dir=/home/le/Documents/loadbalancer/keys
time=2026-02-27T17:00:03.993+07:00 level=INFO source=/home/le/Documents/loadbalancer/internal/registry/memory/registry.go:95 msg="Start registry successfully" service="load balancer"
time=2026-02-27T17:01:04.057+07:00 level=INFO source=/home/le/Documents/loadbalancer/internal/registry/provider/provider.go:38 msg="new server register" service="load balancer"
time=2026-02-27T17:01:04.062+07:00 level=INFO source=/home/le/Documents/loadbalancer/internal/registry/memory/health_worker.go:31 msg="Created health worker for service" service="load balancer" service=java-service
time=2026-02-27T17:01:04.062+07:00 level=INFO source=/home/le/Documents/loadbalancer/internal/registry/memory/register.go:38 msg="Server registered" service="load balancer" service=java-service id=4d78f390-f663-49ed-b7d4-5a3366f816bd
time=2026-02-27T17:01:04.062+07:00 level=DEBUG source=/home/le/Documents/loadbalancer/internal/registry/memory/registry.go:124 msg="List of server registry" service="load balancer"
time=2026-02-27T17:01:04.062+07:00 level=DEBUG source=/home/le/Documents/loadbalancer/internal/server/server_pool.go:62 msg="Health state changed" service="load balancer" service=java-service id=4d78f390-f663-49ed-b7d4-5a3366f816bd health=true
time=2026-02-27T17:01:04.062+07:00 level=INFO source=/home/le/Documents/loadbalancer/internal/app/factory.go:54 msg="Creating new RoundRobin strategy for service" service="load balancer" service=java-service
time=2026-02-27T17:01:04.062+07:00 level=DEBUG source=/home/le/Documents/loadbalancer/internal/server/server_pool.go:117 msg="ServerPool updated" service="load balancer" service=java-service total_healthy=1 server_id=4d78f390-f663-49ed-b7d4-5a3366f816bd is_healthy=true
time=2026-02-27T17:01:14.122+07:00 level=DEBUG source=/home/le/Documents/loadbalancer/internal/health/health_checker.go:99 msg="Health check OK" service="load balancer" addr=http://localhost:15000 status=404
time=2026-02-27T17:01:24.077+07:00 level=DEBUG source=/home/le/Documents/loadbalancer/internal/health/health_checker.go:99 msg="Health check OK" service="load balancer" addr=http://localhost:15000 status=404
time=2026-02-27T17:01:34.078+07:00 level=DEBUG source=/home/le/Documents/loadbalancer/internal/health/health_checker.go:99 msg="Health check OK" service="load balancer" addr=http://localhost:15000 status=404
time=2026-02-27T17:01:37.687+07:00 level=INFO source=/home/le/Documents/loadbalancer/internal/registry/provider/provider.go:38 msg="new server register" service="load balancer"
time=2026-02-27T17:01:44.073+07:00 level=DEBUG source=/home/le/Documents/loadbalancer/internal/health/health_checker.go:99 msg="Health check OK" service="load balancer" addr=http://localhost:15000 status=404
time=2026-02-27T17:01:54.075+07:00 level=DEBUG source=/home/le/Documents/loadbalancer/internal/health/health_checker.go:99 msg="Health check OK" service="load balancer" addr=http://localhost:15000 status=404
time=2026-02-27T17:01:55.823+07:00 level=INFO source=/home/le/Documents/loadbalancer/internal/registry/provider/provider.go:38 msg="new server register" service="load balancer"
time=2026-02-27T17:02:04.069+07:00 level=DEBUG source=/home/le/Documents/loadbalancer/internal/health/health_checker.go:99 msg="Health check OK" service="load balancer" addr=http://localhost:15000 status=404
time=2026-02-27T17:02:14.072+07:00 level=DEBUG source=/home/le/Documents/loadbalancer/internal/health/health_checker.go:99 msg="Health check OK" service="load balancer" addr=http://localhost:15000 status=404
time=2026-02-27T17:02:24.074+07:00 level=DEBUG source=/home/le/Documents/loadbalancer/internal/health/health_checker.go:99 msg="Health check OK" service="load balancer" addr=http://localhost:15000 status=404
time=2026-02-27T17:02:34.071+07:00 level=DEBUG source=/home/le/Documents/loadbalancer/internal/health/health_checker.go:99 msg="Health check OK" service="load balancer" addr=http://localhost:15000 status=404
time=2026-02-27T17:02:44.075+07:00 level=DEBUG source=/home/le/Documents/loadbalancer/internal/health/health_checker.go:99 msg="Health check OK" service="load balancer" addr=http://localhost:15000 status=404
time=2026-02-27T17:02:53.449+07:00 level=INFO source=/home/le/Documents/loadbalancer/internal/registry/provider/provider.go:38 msg="new server register" service="load balancer"
time=2026-02-27T17:02:53.449+07:00 level=ERROR source=/home/le/Documents/loadbalancer/internal/registry/provider/provider.go:92 msg="Invalid JSON body" service="load balancer" err=EOF
time=2026-02-27T17:02:54.068+07:00 level=DEBUG source=/home/le/Documents/loadbalancer/internal/health/health_checker.go:99 msg="Health check OK" service="load balancer" addr=http://localhost:15000 status=404
time=2026-02-27T17:03:04.068+07:00 level=DEBUG source=/home/le/Documents/loadbalancer/internal/health/health_checker.go:99 msg="Health check OK" service="load balancer" addr=http://localhost:15000 status=404
time=2026-02-27T17:03:14.070+07:00 level=DEBUG source=/home/le/Documents/loadbalancer/internal/health/health_checker.go:99 msg="Health check OK" service="load balancer" addr=http://localhost:15000 status=404
time=2026-02-27T17:03:24.068+07:00 level=DEBUG source=/home/le/Documents/loadbalancer/internal/health/health_checker.go:99 msg="Health check OK" service="load balancer" addr=http://localhost:15000 status=404
time=2026-02-27T17:03:26.854+07:00 level=INFO source=/home/le/Documents/loadbalancer/internal/app/app.go:110 msg="Shutting down Load Balancer..." service="load balancer"
time=2026-02-27T17:03:26.855+07:00 level=INFO source=/home/le/Documents/loadbalancer/internal/middleware/rate_limit/rate_limit.go:81 msg="Starting stop cleanup" service="load balancer"
time=2026-02-27T17:03:26.855+07:00 level=INFO source=/home/le/Documents/loadbalancer/internal/middleware/rate_limit/rate_limit.go:85 msg="Complete stop cleanup" service="load balancer"
time=2026-02-27T17:03:26.855+07:00 level=INFO source=/home/le/Documents/loadbalancer/internal/tls/manager_tls.go:145 msg="Stopping watcher tls config" service="load balancer"
time=2026-02-27T17:03:26.855+07:00 level=INFO source=/home/le/Documents/loadbalancer/internal/tls/manager_tls.go:151 msg="Complete stop watcher tls config" service="load balancer"
time=2026-02-27T17:03:26.855+07:00 level=INFO source=/home/le/Documents/loadbalancer/internal/registry/memory/registry.go:105 msg="Starting stop registry" service="load balancer"
time=2026-02-27T17:03:26.855+07:00 level=INFO source=/home/le/Documents/loadbalancer/internal/registry/memory/registry.go:109 msg="Complete stop registry" service="load balancer"
time=2026-02-27T17:03:26.855+07:00 level=INFO source=/home/le/Documents/loadbalancer/internal/server/server_pool.go:159 msg="Closing server pool" service="load balancer"
time=2026-02-27T17:03:26.855+07:00 level=INFO source=/home/le/Documents/loadbalancer/internal/app/app.go:128 msg="Shutdown completed" service="load balancer"
time=2026-02-27T17:04:04.235+07:00 level=INFO source=/home/le/Documents/loadbalancer/internal/router/router.go:93 msg="Routing config reloaded and validated successfully" service="load balancer" rules_count=3 default_svc=fallback-service
time=2026-02-27T17:04:04.235+07:00 level=INFO source=/home/le/Documents/loadbalancer/internal/router/router.go:64 msg="PathRouter initialized" service="load balancer" config_path=/home/le/Documents/loadbalancer/config
time=2026-02-27T17:04:04.235+07:00 level=INFO source=/home/le/Documents/loadbalancer/internal/tls/manager_tls.go:72 msg="TLS Manager initialized with auto-reload" service="load balancer" cert_file=/home/le/Documents/loadbalancer/keys/cert.pem key_file=/home/le/Documents/loadbalancer/keys/key.pem
time=2026-02-27T17:04:04.235+07:00 level=INFO source=/home/le/Documents/loadbalancer/internal/app/app.go:93 msg="Starting Load Balancer services..." service="load balancer"
time=2026-02-27T17:04:04.235+07:00 level=INFO source=/home/le/Documents/loadbalancer/internal/middleware/rate_limit/rate_limit.go:69 msg="Starting cleanup" service="load balancer"
time=2026-02-27T17:04:04.235+07:00 level=INFO source=/home/le/Documents/loadbalancer/internal/middleware/rate_limit/rate_limit.go:71 msg="Complete starting cleanup" service="load balancer"
time=2026-02-27T17:04:04.235+07:00 level=INFO source=/home/le/Documents/loadbalancer/internal/router/router.go:109 msg="Watching routing config for changes" service="load balancer"
time=2026-02-27T17:04:04.236+07:00 level=INFO source=/home/le/Documents/loadbalancer/internal/tls/manager_tls.go:113 msg="TLS certificate reloaded successfully" service="load balancer" cert_file=/home/le/Documents/loadbalancer/keys/cert.pem key_file=/home/le/Documents/loadbalancer/keys/key.pem timestamp=2026-02-27T17:04:04+07:00
time=2026-02-27T17:04:04.236+07:00 level=INFO source=/home/le/Documents/loadbalancer/internal/tls/manager_tls.go:170 msg="Started fsnotify watcher on directory" service="load balancer" dir=/home/le/Documents/loadbalancer/keys
time=2026-02-27T17:04:04.236+07:00 level=INFO source=/home/le/Documents/loadbalancer/internal/registry/memory/registry.go:95 msg="Start registry successfully" service="load balancer"
time=2026-02-27T17:04:18.499+07:00 level=INFO source=/home/le/Documents/loadbalancer/internal/registry/provider/provider.go:38 msg="new server register" service="load balancer"
time=2026-02-27T17:04:21.700+07:00 level=INFO source=/home/le/Documents/loadbalancer/internal/registry/provider/provider.go:38 msg="new server register" service="load balancer"
time=2026-02-27T17:04:21.700+07:00 level=ERROR source=/home/le/Documents/loadbalancer/internal/registry/provider/provider.go:92 msg="Invalid JSON body" service="load balancer" err=EOF
time=2026-02-27T17:04:48.060+07:00 level=INFO source=/home/le/Documents/loadbalancer/internal/registry/provider/provider.go:38 msg="new server register" service="load balancer"
time=2026-02-27T17:04:48.065+07:00 level=INFO source=/home/le/Documents/loadbalancer/internal/registry/memory/health_worker.go:31 msg="Created health worker for service" service="load balancer" service=java-service
time=2026-02-27T17:04:48.065+07:00 level=INFO source=/home/le/Documents/loadbalancer/internal/registry/memory/register.go:38 msg="Server registered" service="load balancer" service=java-service id=b334b565-c887-4e6d-8c31-75ac43319f97
time=2026-02-27T17:04:48.065+07:00 level=DEBUG source=/home/le/Documents/loadbalancer/internal/server/server_pool.go:62 msg="Health state changed" service="load balancer" service=java-service id=b334b565-c887-4e6d-8c31-75ac43319f97 health=true
time=2026-02-27T17:04:48.065+07:00 level=INFO source=/home/le/Documents/loadbalancer/internal/app/factory.go:54 msg="Creating new RoundRobin strategy for service" service="load balancer" service=java-service
time=2026-02-27T17:04:48.065+07:00 level=DEBUG source=/home/le/Documents/loadbalancer/internal/server/server_pool.go:117 msg="ServerPool updated" service="load balancer" service=java-service total_healthy=1 server_id=b334b565-c887-4e6d-8c31-75ac43319f97 is_healthy=true
time=2026-02-27T17:04:48.065+07:00 level=DEBUG source=/home/le/Documents/loadbalancer/internal/registry/memory/registry.go:124 msg="List of server registry" service="load balancer"
time=2026-02-27T17:04:58.128+07:00 level=DEBUG source=/home/le/Documents/loadbalancer/internal/health/health_checker.go:99 msg="Health check OK" service="load balancer" addr=http://localhost:15000 status=404
time=2026-02-27T17:05:08.075+07:00 level=DEBUG source=/home/le/Documents/loadbalancer/internal/health/health_checker.go:99 msg="Health check OK" service="load balancer" addr=http://localhost:15000 status=404
time=2026-02-27T17:05:18.079+07:00 level=DEBUG source=/home/le/Documents/loadbalancer/internal/health/health_checker.go:99 msg="Health check OK" service="load balancer" addr=http://localhost:15000 status=404
time=2026-02-27T17:05:28.079+07:00 level=DEBUG source=/home/le/Documents/loadbalancer/internal/health/health_checker.go:99 msg="Health check OK" service="load balancer" addr=http://localhost:15000 status=404
time=2026-02-27T17:05:29.445+07:00 level=DEBUG source=/home/le/Documents/loadbalancer/internal/app/app.go:185 msg="Routed request" service="load balancer" trace_id="" backend=http://localhost:15000
time=2026-02-27T17:05:29.452+07:00 level=DEBUG source=/home/le/Documents/loadbalancer/internal/app/app.go:191 msg="Routed request" service="load balancer" path=/java-service/hello service=java-service backend=http://localhost:15000
time=2026-02-27T17:05:38.078+07:00 level=DEBUG source=/home/le/Documents/loadbalancer/internal/health/health_checker.go:99 msg="Health check OK" service="load balancer" addr=http://localhost:15000 status=404
time=2026-02-27T17:05:39.507+07:00 level=INFO source=/home/le/Documents/loadbalancer/internal/app/app.go:110 msg="Shutting down Load Balancer..." service="load balancer"
time=2026-02-27T17:05:39.507+07:00 level=INFO source=/home/le/Documents/loadbalancer/internal/middleware/rate_limit/rate_limit.go:81 msg="Starting stop cleanup" service="load balancer"
time=2026-02-27T17:05:39.507+07:00 level=INFO source=/home/le/Documents/loadbalancer/internal/middleware/rate_limit/rate_limit.go:85 msg="Complete stop cleanup" service="load balancer"
time=2026-02-27T17:05:39.507+07:00 level=INFO source=/home/le/Documents/loadbalancer/internal/tls/manager_tls.go:145 msg="Stopping watcher tls config" service="load balancer"
time=2026-02-27T17:05:39.507+07:00 level=INFO source=/home/le/Documents/loadbalancer/internal/tls/manager_tls.go:151 msg="Complete stop watcher tls config" service="load balancer"
time=2026-02-27T17:05:39.507+07:00 level=INFO source=/home/le/Documents/loadbalancer/internal/registry/memory/registry.go:105 msg="Starting stop registry" service="load balancer"
time=2026-02-27T17:05:39.507+07:00 level=INFO source=/home/le/Documents/loadbalancer/internal/registry/memory/registry.go:109 msg="Complete stop registry" service="load balancer"
time=2026-02-27T17:05:39.507+07:00 level=INFO source=/home/le/Documents/loadbalancer/internal/server/server_pool.go:159 msg="Closing server pool" service="load balancer"
time=2026-02-27T17:05:39.507+07:00 level=INFO source=/home/le/Documents/loadbalancer/internal/app/app.go:128 msg="Shutdown completed" service="load balancer"
time=2026-02-27T17:08:00.399+07:00 level=INFO source=/home/le/Documents/loadbalancer/internal/router/router.go:93 msg="Routing config reloaded and validated successfully" service="load balancer" rules_count=3 default_svc=fallback-service
time=2026-02-27T17:08:00.399+07:00 level=INFO source=/home/le/Documents/loadbalancer/internal/router/router.go:64 msg="PathRouter initialized" service="load balancer" config_path=/home/le/Documents/loadbalancer/config
time=2026-02-27T17:08:00.399+07:00 level=INFO source=/home/le/Documents/loadbalancer/internal/tls/manager_tls.go:72 msg="TLS Manager initialized with auto-reload" service="load balancer" cert_file=/home/le/Documents/loadbalancer/keys/cert.pem key_file=/home/le/Documents/loadbalancer/keys/key.pem
time=2026-02-27T17:08:00.399+07:00 level=INFO source=/home/le/Documents/loadbalancer/internal/app/app.go:93 msg="Starting Load Balancer services..." service="load balancer"
time=2026-02-27T17:08:00.399+07:00 level=INFO source=/home/le/Documents/loadbalancer/internal/middleware/rate_limit/rate_limit.go:69 msg="Starting cleanup" service="load balancer"
time=2026-02-27T17:08:00.399+07:00 level=INFO source=/home/le/Documents/loadbalancer/internal/middleware/rate_limit/rate_limit.go:71 msg="Complete starting cleanup" service="load balancer"
time=2026-02-27T17:08:00.399+07:00 level=INFO source=/home/le/Documents/loadbalancer/internal/router/router.go:109 msg="Watching routing config for changes" service="load balancer"
time=2026-02-27T17:08:00.399+07:00 level=INFO source=/home/le/Documents/loadbalancer/internal/tls/manager_tls.go:113 msg="TLS certificate reloaded successfully" service="load balancer" cert_file=/home/le/Documents/loadbalancer/keys/cert.pem key_file=/home/le/Documents/loadbalancer/keys/key.pem timestamp=2026-02-27T17:08:00+07:00
time=2026-02-27T17:08:00.400+07:00 level=INFO source=/home/le/Documents/loadbalancer/internal/tls/manager_tls.go:170 msg="Started fsnotify watcher on directory" service="load balancer" dir=/home/le/Documents/loadbalancer/keys
time=2026-02-27T17:08:00.400+07:00 level=INFO source=/home/le/Documents/loadbalancer/internal/registry/memory/registry.go:95 msg="Start registry successfully" service="load balancer"
time=2026-02-27T17:08:07.345+07:00 level=INFO source=/home/le/Documents/loadbalancer/internal/registry/provider/provider.go:38 msg="new server register" service="load balancer"
time=2026-02-27T17:08:07.350+07:00 level=INFO source=/home/le/Documents/loadbalancer/internal/registry/memory/health_worker.go:31 msg="Created health worker for service" service="load balancer" service=java-service
time=2026-02-27T17:08:07.350+07:00 level=INFO source=/home/le/Documents/loadbalancer/internal/registry/memory/register.go:38 msg="Server registered" service="load balancer" service=java-service id=64370909-8621-4997-9b57-a2631c21f6fd
time=2026-02-27T17:08:07.350+07:00 level=DEBUG source=/home/le/Documents/loadbalancer/internal/registry/memory/registry.go:124 msg="List of server registry" service="load balancer"
time=2026-02-27T17:08:07.350+07:00 level=DEBUG source=/home/le/Documents/loadbalancer/internal/server/server_pool.go:62 msg="Health state changed" service="load balancer" service=java-service id=64370909-8621-4997-9b57-a2631c21f6fd health=true
time=2026-02-27T17:08:07.350+07:00 level=INFO source=/home/le/Documents/loadbalancer/internal/app/factory.go:54 msg="Creating new RoundRobin strategy for service" service="load balancer" service=java-service
time=2026-02-27T17:08:07.350+07:00 level=DEBUG source=/home/le/Documents/loadbalancer/internal/server/server_pool.go:117 msg="ServerPool updated" service="load balancer" service=java-service total_healthy=1 server_id=64370909-8621-4997-9b57-a2631c21f6fd is_healthy=true
time=2026-02-27T17:08:17.416+07:00 level=DEBUG source=/home/le/Documents/loadbalancer/internal/health/health_checker.go:99 msg="Health check OK" service="load balancer" addr=http://localhost:15000 status=404
time=2026-02-27T17:08:22.094+07:00 level=DEBUG source=/home/le/Documents/loadbalancer/internal/app/app.go:185 msg="Routed request" service="load balancer" trace_id="" backend=http://localhost:15000
time=2026-02-27T17:08:22.103+07:00 level=DEBUG source=/home/le/Documents/loadbalancer/internal/app/app.go:191 msg="Routed request" service="load balancer" path=/java-service/hello service=java-service backend=http://localhost:15000
time=2026-02-27T17:08:27.355+07:00 level=DEBUG source=/home/le/Documents/loadbalancer/internal/health/health_checker.go:99 msg="Health check OK" service="load balancer" addr=http://localhost:15000 status=404
time=2026-02-27T17:08:37.362+07:00 level=DEBUG source=/home/le/Documents/loadbalancer/internal/health/health_checker.go:99 msg="Health check OK" service="load balancer" addr=http://localhost:15000 status=404
time=2026-02-27T17:08:47.362+07:00 level=DEBUG source=/home/le/Documents/loadbalancer/internal/health/health_checker.go:99 msg="Health check OK" service="load balancer" addr=http://localhost:15000 status=404
time=2026-02-27T17:08:50.667+07:00 level=INFO source=/home/le/Documents/loadbalancer/internal/app/app.go:110 msg="Shutting down Load Balancer..." service="load balancer"
time=2026-02-27T17:08:50.667+07:00 level=INFO source=/home/le/Documents/loadbalancer/internal/middleware/rate_limit/rate_limit.go:81 msg="Starting stop cleanup" service="load balancer"
time=2026-02-27T17:08:50.667+07:00 level=INFO source=/home/le/Documents/loadbalancer/internal/middleware/rate_limit/rate_limit.go:85 msg="Complete stop cleanup" service="load balancer"
time=2026-02-27T17:08:50.667+07:00 level=INFO source=/home/le/Documents/loadbalancer/internal/tls/manager_tls.go:145 msg="Stopping watcher tls config" service="load balancer"
time=2026-02-27T17:08:50.667+07:00 level=INFO source=/home/le/Documents/loadbalancer/internal/tls/manager_tls.go:151 msg="Complete stop watcher tls config" service="load balancer"
time=2026-02-27T17:08:50.667+07:00 level=INFO source=/home/le/Documents/loadbalancer/internal/registry/memory/registry.go:105 msg="Starting stop registry" service="load balancer"
time=2026-02-27T17:08:50.667+07:00 level=INFO source=/home/le/Documents/loadbalancer/internal/registry/memory/registry.go:109 msg="Complete stop registry" service="load balancer"
time=2026-02-27T17:08:50.667+07:00 level=INFO source=/home/le/Documents/loadbalancer/internal/server/server_pool.go:159 msg="Closing server pool" service="load balancer"
time=2026-02-27T17:08:50.667+07:00 level=INFO source=/home/le/Documents/loadbalancer/internal/app/app.go:128 msg="Shutdown completed" service="load balancer"
